\BOOKMARK [1][-]{section.1}{Introduction}{}% 1
\BOOKMARK [1][-]{section.2}{Segmentation d'URL}{}% 2
\BOOKMARK [1][-]{section.3}{Analyse de la structure des URL et premiers essais de segmentation automatique via pattern trees}{}% 3
\BOOKMARK [2][-]{subsection.3.1}{Structure classique d'une URL}{section.3}% 4
\BOOKMARK [2][-]{subsection.3.2}{Analyse de la structure des URLs via pattern trees}{section.3}% 5
\BOOKMARK [2][-]{subsection.3.3}{R\351sultats de transformations d'URL et orientation vers une autre m\351thode}{section.3}% 6
\BOOKMARK [1][-]{section.4}{Approche statistique de la classification automatique d'URL}{}% 7
\BOOKMARK [2][-]{subsection.4.1}{Distance et similarit\351}{section.4}% 8
\BOOKMARK [2][-]{subsection.4.2}{DBSCAN et segmentation}{section.4}% 9
\BOOKMARK [2][-]{subsection.4.3}{R\351sultats de clustering}{section.4}% 10
\BOOKMARK [2][-]{subsection.4.4}{Limites de la m\351thode}{section.4}% 11
\BOOKMARK [2][-]{subsection.4.5}{Optimisations possibles}{section.4}% 12
\BOOKMARK [1][-]{section.5}{Approche s\351mantique de l'analyse des URL et segmentation automatique par la m\351thode des n-grammes}{}% 13
\BOOKMARK [2][-]{subsection.5.1}{Le mod\350le n-grammes}{section.5}% 14
\BOOKMARK [2][-]{subsection.5.2}{Construction du mod\350le n-grammes \340 partir des donn\351es d'URL disponibles}{section.5}% 15
\BOOKMARK [3][-]{subsubsection.5.2.1}{Entra\356nement}{subsection.5.2}% 16
\BOOKMARK [3][-]{subsubsection.5.2.2}{Test}{subsection.5.2}% 17
\BOOKMARK [2][-]{subsection.5.3}{Segmentation d'URL}{section.5}% 18
\BOOKMARK [3][-]{subsubsection.5.3.1}{Analyse exploratoire - Distribution des URL}{subsection.5.3}% 19
\BOOKMARK [3][-]{subsubsection.5.3.2}{Construction des jeux d'entra\356nement et de test}{subsection.5.3}% 20
\BOOKMARK [3][-]{subsubsection.5.3.3}{Impl\351mentation du mod\350le n-grammes}{subsection.5.3}% 21
\BOOKMARK [2][-]{subsection.5.4}{Premiers r\351sultats de segmentation}{section.5}% 22
\BOOKMARK [3][-]{subsubsection.5.4.1}{Evaluer les r\351sultats d'un algorithme de classification}{subsection.5.4}% 23
\BOOKMARK [3][-]{subsubsection.5.4.2}{R\351sultats de segmentation}{subsection.5.4}% 24
\BOOKMARK [1][-]{section.6}{Conclusion}{}% 25
\BOOKMARK [1][-]{section.6}{References}{}% 26
